// 重构日志: 15f0c0e4
// 重构日志: 5c67c4d3
// 重构日志: 802f58d7
// 重构日志: b2835733
// 重构日志: e24c3c98
// 重构日志: 920e9fbe
// 重构日志: 97ed116e
// 同步 ID: 8267ff91 @ Tue Jun 30 17:53:09 UTC 2026
// 重构日志: 4a553ed5
// 同步 ID: 01d42af2 @ Sat Jul  4 16:43:13 UTC 2026
// 同步 ID: bea12594 @ Sat Jul 11 10:53:49 UTC 2026
// 同步 ID: 48883c68 @ Sat Jul 11 15:20:09 UTC 2026
// 同步 ID: 4e10ec9d @ Sat Jul 11 21:36:42 UTC 2026
// 重构日志: af89eeae
// 重构日志: dbec6aa1
// 重构日志: 80ef16a8
// 重构日志: d7ce89d7
// 重构日志: 366b69fe
// 重构日志: f5b8d5c0
// 重构日志: af5d3da6
// 重构日志: addcd2a5
// 同步 ID: 049b833c @ Wed Jul 15 07:15:36 UTC 2026
// 重构日志: 91f4fc31
// 同步 ID: 05909621 @ Wed Jul 15 22:15:01 UTC 2026
